<?xml version="1.0" encoding="UTF-8"?>
<!-- Generated by org.testng.reporters.JUnitReportReporter -->
<testsuite hostname="LAPTOP-55V1R1RD" failures="0" tests="1" name="driverFactory.AppTest" time="50.890" errors="0" timestamp="2024-05-27T13:50:46 IST" skipped="0">
  <testcase classname="driverFactory.AppTest" name="kickTest" time="50.890">
    <system-out>
      <![CDATA[Stock-000001204        Stock-000001606
Stock number Should not Match expected [Stock-000001606] but found [Stock-000001204]
Supplier-00000003414        Supplier-00000003414]]>
    </system-out>
  </testcase> <!-- kickTest -->
  <system-out>
    <![CDATA[Stock-000001204        Stock-000001606
Stock number Should not Match expected [Stock-000001606] but found [Stock-000001204]
Supplier-00000003414        Supplier-00000003414]]>
  </system-out>
</testsuite> <!-- driverFactory.AppTest -->
